2020-05-22 12:07:46,622 INFO o.a.j.u.JMeterUtils: Setting Locale to en_US
2020-05-22 12:07:46,783 INFO o.a.j.JMeter: Loading user properties from: user.properties
2020-05-22 12:07:46,807 INFO o.a.j.JMeter: Loading system properties from: system.properties
2020-05-22 12:07:46,878 INFO o.a.j.JMeter: Copyright (c) 1998-2018 The Apache Software Foundation
2020-05-22 12:07:46,879 INFO o.a.j.JMeter: Version 5.0 r1840935
2020-05-22 12:07:46,880 INFO o.a.j.JMeter: java.version=1.8.0_241
2020-05-22 12:07:46,880 INFO o.a.j.JMeter: java.vm.name=Java HotSpot(TM) Client VM
2020-05-22 12:07:46,881 INFO o.a.j.JMeter: os.name=Windows 10
2020-05-22 12:07:46,882 INFO o.a.j.JMeter: os.arch=x86
2020-05-22 12:07:46,883 INFO o.a.j.JMeter: os.version=10.0
2020-05-22 12:07:46,883 INFO o.a.j.JMeter: file.encoding=Cp1252
2020-05-22 12:07:46,884 INFO o.a.j.JMeter: Max memory     =259522560
2020-05-22 12:07:46,885 INFO o.a.j.JMeter: Available Processors =4
2020-05-22 12:07:46,960 INFO o.a.j.JMeter: Default Locale=English (United States)
2020-05-22 12:07:46,961 INFO o.a.j.JMeter: JMeter  Locale=English (United States)
2020-05-22 12:07:46,962 INFO o.a.j.JMeter: JMeterHome=D:\git_jmeter_workspace\Jmeter_Master_GCP_1\target\jmeter
2020-05-22 12:07:46,963 INFO o.a.j.JMeter: user.dir  =D:\git_jmeter_workspace\Jmeter_Master_GCP_1\target\jmeter\bin
2020-05-22 12:07:46,965 INFO o.a.j.JMeter: PWD       =D:\git_jmeter_workspace\Jmeter_Master_GCP_1\target\jmeter\bin
2020-05-22 12:07:46,984 INFO o.a.j.JMeter: IP: 10.0.0.8 Name: DESKTOP-32I1BM7 FullName: DESKTOP-32I1BM7
2020-05-22 12:07:48,361 INFO o.a.j.g.a.LookAndFeelCommand: Installing Darcula LAF
2020-05-22 12:07:48,895 INFO o.a.j.g.a.LookAndFeelCommand: Using look and feel: com.bulenkov.darcula.DarculaLaf [Darcula]
2020-05-22 12:07:48,901 INFO o.a.j.JMeter: Setting LAF to: com.bulenkov.darcula.DarculaLaf
2020-05-22 12:07:48,902 WARN o.a.j.JMeter: Could not set LAF to: com.bulenkov.darcula.DarculaLaf
java.lang.ClassNotFoundException: com.bulenkov.darcula.DarculaLaf
	at java.net.URLClassLoader.findClass(Unknown Source) ~[?:1.8.0_241]
	at java.lang.ClassLoader.loadClass(Unknown Source) ~[?:1.8.0_241]
	at java.lang.ClassLoader.loadClass(Unknown Source) ~[?:1.8.0_241]
	at java.lang.Class.forName0(Native Method) ~[?:1.8.0_241]
	at java.lang.Class.forName(Unknown Source) ~[?:1.8.0_241]
	at javax.swing.SwingUtilities.loadSystemClass(Unknown Source) ~[?:1.8.0_241]
	at javax.swing.UIManager.setLookAndFeel(Unknown Source) ~[?:1.8.0_241]
	at org.apache.jmeter.JMeter.startGui(JMeter.java:373) [ApacheJMeter_core-5.0.jar:5.0 r1840935]
	at org.apache.jmeter.JMeter.start(JMeter.java:536) [ApacheJMeter_core-5.0.jar:5.0 r1840935]
	at sun.reflect.NativeMethodAccessorImpl.invoke0(Native Method) ~[?:1.8.0_241]
	at sun.reflect.NativeMethodAccessorImpl.invoke(Unknown Source) ~[?:1.8.0_241]
	at sun.reflect.DelegatingMethodAccessorImpl.invoke(Unknown Source) ~[?:1.8.0_241]
	at java.lang.reflect.Method.invoke(Unknown Source) ~[?:1.8.0_241]
	at org.apache.jmeter.NewDriver.main(NewDriver.java:245) [ApacheJMeter-5.0.jar:5.0 r1840935]
2020-05-22 12:07:48,951 INFO o.a.j.JMeter: Loaded icon properties from org/apache/jmeter/images/icon.properties
2020-05-22 12:07:55,181 INFO o.a.j.e.u.CompoundVariable: Note: Function class names must contain the string: '.functions.'
2020-05-22 12:07:55,182 INFO o.a.j.e.u.CompoundVariable: Note: Function class names must not contain the string: '.gui.'
2020-05-22 12:08:00,933 WARN o.j.r.PluginManager: Found JAR conflict: D:\git_jmeter_workspace\Jmeter_Master_GCP_1\target\jmeter\lib\ext\tag-jmeter-extn-1.1.jar and D:\git_jmeter_workspace\Jmeter_Master_GCP_1\target\jmeter\lib\tag-jmeter-extn-1.1.jar
2020-05-22 12:08:09,278 INFO o.a.j.p.h.s.HTTPSamplerBase: Parser for text/html is org.apache.jmeter.protocol.http.parser.LagartoBasedHtmlParser
2020-05-22 12:08:09,292 INFO o.a.j.p.h.s.HTTPSamplerBase: Parser for application/xhtml+xml is org.apache.jmeter.protocol.http.parser.LagartoBasedHtmlParser
2020-05-22 12:08:09,292 INFO o.a.j.p.h.s.HTTPSamplerBase: Parser for application/xml is org.apache.jmeter.protocol.http.parser.LagartoBasedHtmlParser
2020-05-22 12:08:09,293 INFO o.a.j.p.h.s.HTTPSamplerBase: Parser for text/xml is org.apache.jmeter.protocol.http.parser.LagartoBasedHtmlParser
2020-05-22 12:08:09,294 INFO o.a.j.p.h.s.HTTPSamplerBase: Parser for text/vnd.wap.wml is org.apache.jmeter.protocol.http.parser.RegexpHTMLParser
2020-05-22 12:08:09,294 INFO o.a.j.p.h.s.HTTPSamplerBase: Parser for text/css is org.apache.jmeter.protocol.http.parser.CssParser
2020-05-22 12:08:11,085 INFO o.j.r.JARSourceHTTP: Requesting https://jmeter-plugins.org/repo/?installID=windows_10-368d2ab725c9aeffe0032cc983ce9380-gui
2020-05-22 12:08:11,935 INFO o.a.j.e.KeyToolUtils: keytool found at 'keytool'
2020-05-22 12:08:11,938 INFO o.a.j.p.h.p.ProxyControl: HTTP(S) Test Script Recorder SSL Proxy will use keys that support embedded 3rd party resources in file D:\git_jmeter_workspace\Jmeter_Master_GCP_1\target\jmeter\bin\proxyserver.jks
2020-05-22 12:08:13,083 INFO o.a.j.s.FileServer: Default base='D:\git_jmeter_workspace\Jmeter_Master_GCP_1\target\jmeter\bin'
2020-05-22 12:08:22,978 INFO o.a.j.s.SampleResult: Note: Sample TimeStamps are START times
2020-05-22 12:08:22,978 INFO o.a.j.s.SampleResult: sampleresult.default.encoding is set to ISO-8859-1
2020-05-22 12:08:22,980 INFO o.a.j.s.SampleResult: sampleresult.useNanoTime=true
2020-05-22 12:08:22,981 INFO o.a.j.s.SampleResult: sampleresult.nanoThreadSleep=5000
2020-05-22 12:08:35,310 INFO o.a.j.g.a.Load: Loading file: D:\git_jmeter_workspace\Jmeter_Master_GCP_1\src\test\jmeter\SHOPT_19032020.jmx
2020-05-22 12:08:35,311 INFO o.a.j.s.FileServer: Set new base='D:\git_jmeter_workspace\Jmeter_Master_GCP_1\src\test\jmeter'
2020-05-22 12:08:36,597 INFO o.a.j.s.SaveService: Testplan (JMX) version: 2.2. Testlog (JTL) version: 2.2
2020-05-22 12:08:36,785 INFO o.a.j.s.SaveService: Using SaveService properties file encoding UTF-8
2020-05-22 12:08:36,791 INFO o.a.j.s.SaveService: Using SaveService properties version 5.0
2020-05-22 12:08:36,807 INFO o.a.j.s.SaveService: Loading file: D:\git_jmeter_workspace\Jmeter_Master_GCP_1\src\test\jmeter\SHOPT_19032020.jmx
2020-05-22 12:08:38,691 INFO o.j.r.PluginManager: Plugins Status: [jpgc-casutg=2.9, jpgc-plugins-manager=1.3, jmeter-core=5.0, jmeter-ftp=5.0, jmeter-http=5.0, jmeter-jdbc=5.0, jmeter-jms=5.0, jmeter-junit=5.0, jmeter-java=5.0, jmeter-ldap=5.0, jmeter-mail=5.0, jmeter-mongodb=5.0, jmeter-native=5.0, jmeter-tcp=5.0, jmeter-components=5.0]
2020-05-22 12:08:38,703 INFO o.j.r.PluginManagerMenuItem: Plugins Manager has upgrades: [jpgc-plugins-manager]
2020-05-22 12:08:40,598 INFO o.a.j.p.h.c.CookieManager: Settings: Delete null: true Check: true Allow variable: true Save: false Prefix: COOKIE_
2020-05-22 12:08:44,484 INFO o.a.j.s.FileServer: Set new base='D:\git_jmeter_workspace\Jmeter_Master_GCP_1\src\test\jmeter'
